29-Jan-2022 15:11:21.720 INFORMACIÓN [main] org.apache.catalina.startup.VersionLoggerListener.log Nombre de la versión del servidor: Apache Tomcat/10.0.13
29-Jan-2022 15:11:21.721 INFORMACIÓN [main] org.apache.catalina.startup.VersionLoggerListener.log Server built:                      Nov 9 2021 22:12:58 UTC
29-Jan-2022 15:11:21.721 INFORMACIÓN [main] org.apache.catalina.startup.VersionLoggerListener.log Número de versión de servidor:     10.0.13.0
29-Jan-2022 15:11:21.721 INFORMACIÓN [main] org.apache.catalina.startup.VersionLoggerListener.log OS Name:                           Windows 11
29-Jan-2022 15:11:21.722 INFORMACIÓN [main] org.apache.catalina.startup.VersionLoggerListener.log Versión de Systema Operativo:      10.0
29-Jan-2022 15:11:21.727 INFORMACIÓN [main] org.apache.catalina.startup.VersionLoggerListener.log Arquitectura:                      amd64
29-Jan-2022 15:11:21.727 INFORMACIÓN [main] org.apache.catalina.startup.VersionLoggerListener.log Java Home:                         C:\Program Files\Java\jre1.8.0_321
29-Jan-2022 15:11:21.727 INFORMACIÓN [main] org.apache.catalina.startup.VersionLoggerListener.log JVM Version:                       1.8.0_321-b07
29-Jan-2022 15:11:21.727 INFORMACIÓN [main] org.apache.catalina.startup.VersionLoggerListener.log Vededor JVM:                       Oracle Corporation
29-Jan-2022 15:11:21.727 INFORMACIÓN [main] org.apache.catalina.startup.VersionLoggerListener.log CATALINA_BASE:                     D:\Repositorios\J2EEProject\apache-tomcat-10.0.13
29-Jan-2022 15:11:21.727 INFORMACIÓN [main] org.apache.catalina.startup.VersionLoggerListener.log CATALINA_HOME:                     D:\Repositorios\J2EEProject\apache-tomcat-10.0.13
29-Jan-2022 15:11:21.727 INFORMACIÓN [main] org.apache.catalina.startup.VersionLoggerListener.log Command line argument:             -Dcatalina.home=D:\Repositorios\J2EEProject\apache-tomcat-10.0.13
29-Jan-2022 15:11:21.727 INFORMACIÓN [main] org.apache.catalina.startup.VersionLoggerListener.log Command line argument:             -Dcatalina.base=D:\Repositorios\J2EEProject\apache-tomcat-10.0.13
29-Jan-2022 15:11:21.727 INFORMACIÓN [main] org.apache.catalina.startup.VersionLoggerListener.log Command line argument:             -Djava.io.tmpdir=D:\Repositorios\J2EEProject\apache-tomcat-10.0.13\temp
29-Jan-2022 15:11:21.727 INFORMACIÓN [main] org.apache.catalina.startup.VersionLoggerListener.log Command line argument:             -Djava.util.logging.manager=org.apache.juli.ClassLoaderLogManager
29-Jan-2022 15:11:21.727 INFORMACIÓN [main] org.apache.catalina.startup.VersionLoggerListener.log Command line argument:             -Djava.util.logging.config.file=C:\Program Files\Apache Software Foundation\Tomcat 10.0\conf\logging.properties
29-Jan-2022 15:11:21.728 INFORMACIÓN [main] org.apache.catalina.startup.VersionLoggerListener.log Command line argument:             exit
29-Jan-2022 15:11:21.728 INFORMACIÓN [main] org.apache.catalina.startup.VersionLoggerListener.log Command line argument:             abort
29-Jan-2022 15:11:21.728 INFORMACIÓN [main] org.apache.catalina.startup.VersionLoggerListener.log Command line argument:             -Xms128m
29-Jan-2022 15:11:21.728 INFORMACIÓN [main] org.apache.catalina.startup.VersionLoggerListener.log Command line argument:             -Xmx256m
29-Jan-2022 15:11:21.730 INFORMACIÓN [main] org.apache.catalina.core.AprLifecycleListener.lifecycleEvent Cargada la biblioteca nativa APR de Apache Tomcat [1.2.31] con la versión APR [1.7.0].
29-Jan-2022 15:11:21.730 INFORMACIÓN [main] org.apache.catalina.core.AprLifecycleListener.lifecycleEvent Capacidades APR: IPv6 [true], enviar fichero [true], aceptar filtros [false], aleatorio [true], UDS [true].
29-Jan-2022 15:11:21.733 INFORMACIÓN [main] org.apache.catalina.core.AprLifecycleListener.initializeSSL OpenSSL inicializado correctamente [OpenSSL 1.1.1l  24 Aug 2021]
29-Jan-2022 15:11:21.993 INFORMACIÓN [main] org.apache.coyote.AbstractProtocol.init Inicializando el manejador de protocolo ["http-nio-8080"]

29-Jan-2022 15:11:22.007 INFORMACIÓN [main] org.apache.catalina.startup.Catalina.load Server initialization in [439] milliseconds
29-Jan-2022 15:11:22.032 INFORMACIÓN [main] org.apache.catalina.core.StandardService.startInternal Arrancando servicio [Catalina]
29-Jan-2022 15:11:22.032 INFORMACIÓN [main] org.apache.catalina.core.StandardEngine.startInternal Starting Servlet engine: [Apache Tomcat/10.0.13]
29-Jan-2022 15:11:22.043 INFORMACIÓN [main] org.apache.catalina.startup.HostConfig.deployDirectory Desplegando el directorio [D:\Repositorios\J2EEProject\apache-tomcat-10.0.13\webapps\docs] de la aplicación web
29-Jan-2022 15:11:22.380 ADVERTENCIA [main] org.apache.catalina.util.SessionIdGeneratorBase.createSecureRandom Creation of SecureRandom instance for session ID generation using [SHA1PRNG] took [190] milliseconds.
29-Jan-2022 15:11:22.395 INFORMACIÓN [main] org.apache.catalina.startup.HostConfig.deployDirectory Deployment of web application directory [D:\Repositorios\J2EEProject\apache-tomcat-10.0.13\webapps\docs] has finished in [351] ms
29-Jan-2022 15:11:22.395 INFORMACIÓN [main] org.apache.catalina.startup.HostConfig.deployDirectory Desplegando el directorio [D:\Repositorios\J2EEProject\apache-tomcat-10.0.13\webapps\examples] de la aplicación web
29-Jan-2022 15:11:22.600 INFORMACIÓN [main] org.apache.catalina.startup.HostConfig.deployDirectory Deployment of web application directory [D:\Repositorios\J2EEProject\apache-tomcat-10.0.13\webapps\examples] has finished in [205] ms
29-Jan-2022 15:11:22.600 INFORMACIÓN [main] org.apache.catalina.startup.HostConfig.deployDirectory Desplegando el directorio [D:\Repositorios\J2EEProject\apache-tomcat-10.0.13\webapps\host-manager] de la aplicación web
29-Jan-2022 15:11:22.618 INFORMACIÓN [main] org.apache.catalina.startup.HostConfig.deployDirectory Deployment of web application directory [D:\Repositorios\J2EEProject\apache-tomcat-10.0.13\webapps\host-manager] has finished in [18] ms
29-Jan-2022 15:11:22.619 INFORMACIÓN [main] org.apache.catalina.startup.HostConfig.deployDirectory Desplegando el directorio [D:\Repositorios\J2EEProject\apache-tomcat-10.0.13\webapps\manager] de la aplicación web
29-Jan-2022 15:11:22.634 INFORMACIÓN [main] org.apache.catalina.startup.HostConfig.deployDirectory Deployment of web application directory [D:\Repositorios\J2EEProject\apache-tomcat-10.0.13\webapps\manager] has finished in [16] ms
29-Jan-2022 15:11:22.634 INFORMACIÓN [main] org.apache.catalina.startup.HostConfig.deployDirectory Desplegando el directorio [D:\Repositorios\J2EEProject\apache-tomcat-10.0.13\webapps\ROOT] de la aplicación web
29-Jan-2022 15:11:22.646 INFORMACIÓN [main] org.apache.catalina.startup.HostConfig.deployDirectory Deployment of web application directory [D:\Repositorios\J2EEProject\apache-tomcat-10.0.13\webapps\ROOT] has finished in [12] ms
29-Jan-2022 15:11:22.649 INFORMACIÓN [main] org.apache.coyote.AbstractProtocol.start Starting ProtocolHandler ["http-nio-8080"]
29-Jan-2022 15:11:22.660 INFORMACIÓN [main] org.apache.catalina.startup.Catalina.start Server startup in [652] milliseconds
29-Jan-2022 15:14:39.956 INFORMACIÓN [Thread-4] org.apache.coyote.AbstractProtocol.pause Pausing ProtocolHandler ["http-nio-8080"]
29-Jan-2022 15:14:40.199 INFORMACIÓN [Thread-4] org.apache.catalina.core.StandardService.stopInternal Parando servicio [Catalina]
29-Jan-2022 15:14:40.211 INFORMACIÓN [Thread-4] org.apache.coyote.AbstractProtocol.stop Stopping ProtocolHandler ["http-nio-8080"]
29-Jan-2022 15:14:40.236 INFORMACIÓN [Thread-4] org.apache.coyote.AbstractProtocol.destroy Destroying ProtocolHandler ["http-nio-8080"]
29-Jan-2022 15:14:49.364 INFORMACIÓN [main] org.apache.catalina.startup.VersionLoggerListener.log Nombre de la versión del servidor: Apache Tomcat/10.0.13
29-Jan-2022 15:14:49.365 INFORMACIÓN [main] org.apache.catalina.startup.VersionLoggerListener.log Server built:                      Nov 9 2021 22:12:58 UTC
29-Jan-2022 15:14:49.366 INFORMACIÓN [main] org.apache.catalina.startup.VersionLoggerListener.log Número de versión de servidor:     10.0.13.0
29-Jan-2022 15:14:49.366 INFORMACIÓN [main] org.apache.catalina.startup.VersionLoggerListener.log OS Name:                           Windows 11
29-Jan-2022 15:14:49.366 INFORMACIÓN [main] org.apache.catalina.startup.VersionLoggerListener.log Versión de Systema Operativo:      10.0
29-Jan-2022 15:14:49.366 INFORMACIÓN [main] org.apache.catalina.startup.VersionLoggerListener.log Arquitectura:                      amd64
29-Jan-2022 15:14:49.366 INFORMACIÓN [main] org.apache.catalina.startup.VersionLoggerListener.log Java Home:                         C:\Program Files\Java\jre1.8.0_321
29-Jan-2022 15:14:49.366 INFORMACIÓN [main] org.apache.catalina.startup.VersionLoggerListener.log JVM Version:                       1.8.0_321-b07
29-Jan-2022 15:14:49.366 INFORMACIÓN [main] org.apache.catalina.startup.VersionLoggerListener.log Vededor JVM:                       Oracle Corporation
29-Jan-2022 15:14:49.366 INFORMACIÓN [main] org.apache.catalina.startup.VersionLoggerListener.log CATALINA_BASE:                     D:\Repositorios\J2EEProject\apache-tomcat-10.0.13
29-Jan-2022 15:14:49.366 INFORMACIÓN [main] org.apache.catalina.startup.VersionLoggerListener.log CATALINA_HOME:                     D:\Repositorios\J2EEProject\apache-tomcat-10.0.13
29-Jan-2022 15:14:49.367 INFORMACIÓN [main] org.apache.catalina.startup.VersionLoggerListener.log Command line argument:             -Dcatalina.home=D:\Repositorios\J2EEProject\apache-tomcat-10.0.13
29-Jan-2022 15:14:49.367 INFORMACIÓN [main] org.apache.catalina.startup.VersionLoggerListener.log Command line argument:             -Dcatalina.base=D:\Repositorios\J2EEProject\apache-tomcat-10.0.13
29-Jan-2022 15:14:49.367 INFORMACIÓN [main] org.apache.catalina.startup.VersionLoggerListener.log Command line argument:             -Djava.io.tmpdir=D:\Repositorios\J2EEProject\apache-tomcat-10.0.13\temp
29-Jan-2022 15:14:49.367 INFORMACIÓN [main] org.apache.catalina.startup.VersionLoggerListener.log Command line argument:             -Djava.util.logging.manager=org.apache.juli.ClassLoaderLogManager
29-Jan-2022 15:14:49.367 INFORMACIÓN [main] org.apache.catalina.startup.VersionLoggerListener.log Command line argument:             -Djava.util.logging.config.file=C:\Program Files\Apache Software Foundation\Tomcat 10.0\conf\logging.properties
29-Jan-2022 15:14:49.367 INFORMACIÓN [main] org.apache.catalina.startup.VersionLoggerListener.log Command line argument:             exit
29-Jan-2022 15:14:49.367 INFORMACIÓN [main] org.apache.catalina.startup.VersionLoggerListener.log Command line argument:             abort
29-Jan-2022 15:14:49.367 INFORMACIÓN [main] org.apache.catalina.startup.VersionLoggerListener.log Command line argument:             -Xms128m
29-Jan-2022 15:14:49.368 INFORMACIÓN [main] org.apache.catalina.startup.VersionLoggerListener.log Command line argument:             -Xmx256m
29-Jan-2022 15:14:49.374 INFORMACIÓN [main] org.apache.catalina.core.AprLifecycleListener.lifecycleEvent Cargada la biblioteca nativa APR de Apache Tomcat [1.2.31] con la versión APR [1.7.0].
29-Jan-2022 15:14:49.374 INFORMACIÓN [main] org.apache.catalina.core.AprLifecycleListener.lifecycleEvent Capacidades APR: IPv6 [true], enviar fichero [true], aceptar filtros [false], aleatorio [true], UDS [true].
29-Jan-2022 15:14:49.378 INFORMACIÓN [main] org.apache.catalina.core.AprLifecycleListener.initializeSSL OpenSSL inicializado correctamente [OpenSSL 1.1.1l  24 Aug 2021]
29-Jan-2022 15:14:49.645 INFORMACIÓN [main] org.apache.coyote.AbstractProtocol.init Inicializando el manejador de protocolo ["http-nio-37020"]

29-Jan-2022 15:14:49.661 INFORMACIÓN [main] org.apache.catalina.startup.Catalina.load Server initialization in [466] milliseconds
29-Jan-2022 15:14:49.689 INFORMACIÓN [main] org.apache.catalina.core.StandardService.startInternal Arrancando servicio [Catalina]
29-Jan-2022 15:14:49.689 INFORMACIÓN [main] org.apache.catalina.core.StandardEngine.startInternal Starting Servlet engine: [Apache Tomcat/10.0.13]
29-Jan-2022 15:14:49.697 INFORMACIÓN [main] org.apache.catalina.startup.HostConfig.deployDirectory Desplegando el directorio [D:\Repositorios\J2EEProject\apache-tomcat-10.0.13\webapps\docs] de la aplicación web
29-Jan-2022 15:14:50.036 ADVERTENCIA [main] org.apache.catalina.util.SessionIdGeneratorBase.createSecureRandom Creation of SecureRandom instance for session ID generation using [SHA1PRNG] took [195] milliseconds.
29-Jan-2022 15:14:50.049 INFORMACIÓN [main] org.apache.catalina.startup.HostConfig.deployDirectory Deployment of web application directory [D:\Repositorios\J2EEProject\apache-tomcat-10.0.13\webapps\docs] has finished in [352] ms
29-Jan-2022 15:14:50.050 INFORMACIÓN [main] org.apache.catalina.startup.HostConfig.deployDirectory Desplegando el directorio [D:\Repositorios\J2EEProject\apache-tomcat-10.0.13\webapps\examples] de la aplicación web
29-Jan-2022 15:14:50.258 INFORMACIÓN [main] org.apache.catalina.startup.HostConfig.deployDirectory Deployment of web application directory [D:\Repositorios\J2EEProject\apache-tomcat-10.0.13\webapps\examples] has finished in [207] ms
29-Jan-2022 15:14:50.258 INFORMACIÓN [main] org.apache.catalina.startup.HostConfig.deployDirectory Desplegando el directorio [D:\Repositorios\J2EEProject\apache-tomcat-10.0.13\webapps\host-manager] de la aplicación web
29-Jan-2022 15:14:50.276 INFORMACIÓN [main] org.apache.catalina.startup.HostConfig.deployDirectory Deployment of web application directory [D:\Repositorios\J2EEProject\apache-tomcat-10.0.13\webapps\host-manager] has finished in [18] ms
29-Jan-2022 15:14:50.277 INFORMACIÓN [main] org.apache.catalina.startup.HostConfig.deployDirectory Desplegando el directorio [D:\Repositorios\J2EEProject\apache-tomcat-10.0.13\webapps\manager] de la aplicación web
29-Jan-2022 15:14:50.293 INFORMACIÓN [main] org.apache.catalina.startup.HostConfig.deployDirectory Deployment of web application directory [D:\Repositorios\J2EEProject\apache-tomcat-10.0.13\webapps\manager] has finished in [16] ms
29-Jan-2022 15:14:50.293 INFORMACIÓN [main] org.apache.catalina.startup.HostConfig.deployDirectory Desplegando el directorio [D:\Repositorios\J2EEProject\apache-tomcat-10.0.13\webapps\ROOT] de la aplicación web
29-Jan-2022 15:14:50.305 INFORMACIÓN [main] org.apache.catalina.startup.HostConfig.deployDirectory Deployment of web application directory [D:\Repositorios\J2EEProject\apache-tomcat-10.0.13\webapps\ROOT] has finished in [12] ms
29-Jan-2022 15:14:50.308 INFORMACIÓN [main] org.apache.coyote.AbstractProtocol.start Starting ProtocolHandler ["http-nio-37020"]
29-Jan-2022 15:14:50.319 INFORMACIÓN [main] org.apache.catalina.startup.Catalina.start Server startup in [658] milliseconds
29-Jan-2022 15:18:29.968 INFORMACIÓN [Thread-4] org.apache.coyote.AbstractProtocol.pause Pausing ProtocolHandler ["http-nio-37020"]
29-Jan-2022 15:18:30.209 INFORMACIÓN [Thread-4] org.apache.catalina.core.StandardService.stopInternal Parando servicio [Catalina]
29-Jan-2022 15:18:30.223 INFORMACIÓN [Thread-4] org.apache.coyote.AbstractProtocol.stop Stopping ProtocolHandler ["http-nio-37020"]
29-Jan-2022 15:18:30.260 INFORMACIÓN [Thread-4] org.apache.coyote.AbstractProtocol.destroy Destroying ProtocolHandler ["http-nio-37020"]
29-Jan-2022 15:18:38.185 INFORMACIÓN [main] org.apache.catalina.startup.VersionLoggerListener.log Nombre de la versión del servidor: Apache Tomcat/10.0.13
29-Jan-2022 15:18:38.186 INFORMACIÓN [main] org.apache.catalina.startup.VersionLoggerListener.log Server built:                      Nov 9 2021 22:12:58 UTC
29-Jan-2022 15:18:38.186 INFORMACIÓN [main] org.apache.catalina.startup.VersionLoggerListener.log Número de versión de servidor:     10.0.13.0
29-Jan-2022 15:18:38.186 INFORMACIÓN [main] org.apache.catalina.startup.VersionLoggerListener.log OS Name:                           Windows 11
29-Jan-2022 15:18:38.187 INFORMACIÓN [main] org.apache.catalina.startup.VersionLoggerListener.log Versión de Systema Operativo:      10.0
29-Jan-2022 15:18:38.187 INFORMACIÓN [main] org.apache.catalina.startup.VersionLoggerListener.log Arquitectura:                      amd64
29-Jan-2022 15:18:38.187 INFORMACIÓN [main] org.apache.catalina.startup.VersionLoggerListener.log Java Home:                         C:\Program Files\Java\jre1.8.0_321
29-Jan-2022 15:18:38.187 INFORMACIÓN [main] org.apache.catalina.startup.VersionLoggerListener.log JVM Version:                       1.8.0_321-b07
29-Jan-2022 15:18:38.187 INFORMACIÓN [main] org.apache.catalina.startup.VersionLoggerListener.log Vededor JVM:                       Oracle Corporation
29-Jan-2022 15:18:38.187 INFORMACIÓN [main] org.apache.catalina.startup.VersionLoggerListener.log CATALINA_BASE:                     D:\Repositorios\J2EEProject\apache-tomcat-10.0.13
29-Jan-2022 15:18:38.187 INFORMACIÓN [main] org.apache.catalina.startup.VersionLoggerListener.log CATALINA_HOME:                     D:\Repositorios\J2EEProject\apache-tomcat-10.0.13
29-Jan-2022 15:18:38.188 INFORMACIÓN [main] org.apache.catalina.startup.VersionLoggerListener.log Command line argument:             -Dcatalina.home=D:\Repositorios\J2EEProject\apache-tomcat-10.0.13
29-Jan-2022 15:18:38.188 INFORMACIÓN [main] org.apache.catalina.startup.VersionLoggerListener.log Command line argument:             -Dcatalina.base=D:\Repositorios\J2EEProject\apache-tomcat-10.0.13
29-Jan-2022 15:18:38.188 INFORMACIÓN [main] org.apache.catalina.startup.VersionLoggerListener.log Command line argument:             -Djava.io.tmpdir=D:\Repositorios\J2EEProject\apache-tomcat-10.0.13\temp
29-Jan-2022 15:18:38.188 INFORMACIÓN [main] org.apache.catalina.startup.VersionLoggerListener.log Command line argument:             -Djava.util.logging.manager=org.apache.juli.ClassLoaderLogManager
29-Jan-2022 15:18:38.188 INFORMACIÓN [main] org.apache.catalina.startup.VersionLoggerListener.log Command line argument:             -Djava.util.logging.config.file=C:\Program Files\Apache Software Foundation\Tomcat 10.0\conf\logging.properties
29-Jan-2022 15:18:38.188 INFORMACIÓN [main] org.apache.catalina.startup.VersionLoggerListener.log Command line argument:             exit
29-Jan-2022 15:18:38.192 INFORMACIÓN [main] org.apache.catalina.startup.VersionLoggerListener.log Command line argument:             abort
29-Jan-2022 15:18:38.192 INFORMACIÓN [main] org.apache.catalina.startup.VersionLoggerListener.log Command line argument:             -Xms128m
29-Jan-2022 15:18:38.192 INFORMACIÓN [main] org.apache.catalina.startup.VersionLoggerListener.log Command line argument:             -Xmx256m
29-Jan-2022 15:18:38.195 INFORMACIÓN [main] org.apache.catalina.core.AprLifecycleListener.lifecycleEvent Cargada la biblioteca nativa APR de Apache Tomcat [1.2.31] con la versión APR [1.7.0].
29-Jan-2022 15:18:38.195 INFORMACIÓN [main] org.apache.catalina.core.AprLifecycleListener.lifecycleEvent Capacidades APR: IPv6 [true], enviar fichero [true], aceptar filtros [false], aleatorio [true], UDS [true].
29-Jan-2022 15:18:38.198 INFORMACIÓN [main] org.apache.catalina.core.AprLifecycleListener.initializeSSL OpenSSL inicializado correctamente [OpenSSL 1.1.1l  24 Aug 2021]
29-Jan-2022 15:18:38.476 INFORMACIÓN [main] org.apache.coyote.AbstractProtocol.init Inicializando el manejador de protocolo ["http-nio-37020"]

29-Jan-2022 15:18:38.490 INFORMACIÓN [main] org.apache.catalina.startup.Catalina.load Server initialization in [454] milliseconds
29-Jan-2022 15:18:38.514 INFORMACIÓN [main] org.apache.catalina.core.StandardService.startInternal Arrancando servicio [Catalina]
29-Jan-2022 15:18:38.515 INFORMACIÓN [main] org.apache.catalina.core.StandardEngine.startInternal Starting Servlet engine: [Apache Tomcat/10.0.13]
29-Jan-2022 15:18:38.521 INFORMACIÓN [main] org.apache.catalina.startup.HostConfig.deployDirectory Desplegando el directorio [D:\Repositorios\J2EEProject\apache-tomcat-10.0.13\webapps\docs] de la aplicación web
29-Jan-2022 15:18:38.856 ADVERTENCIA [main] org.apache.catalina.util.SessionIdGeneratorBase.createSecureRandom Creation of SecureRandom instance for session ID generation using [SHA1PRNG] took [191] milliseconds.
29-Jan-2022 15:18:38.871 INFORMACIÓN [main] org.apache.catalina.startup.HostConfig.deployDirectory Deployment of web application directory [D:\Repositorios\J2EEProject\apache-tomcat-10.0.13\webapps\docs] has finished in [349] ms
29-Jan-2022 15:18:38.871 INFORMACIÓN [main] org.apache.catalina.startup.HostConfig.deployDirectory Desplegando el directorio [D:\Repositorios\J2EEProject\apache-tomcat-10.0.13\webapps\examples] de la aplicación web
29-Jan-2022 15:18:39.068 INFORMACIÓN [main] org.apache.catalina.startup.HostConfig.deployDirectory Deployment of web application directory [D:\Repositorios\J2EEProject\apache-tomcat-10.0.13\webapps\examples] has finished in [197] ms
29-Jan-2022 15:18:39.068 INFORMACIÓN [main] org.apache.catalina.startup.HostConfig.deployDirectory Desplegando el directorio [D:\Repositorios\J2EEProject\apache-tomcat-10.0.13\webapps\host-manager] de la aplicación web
29-Jan-2022 15:18:39.086 INFORMACIÓN [main] org.apache.catalina.startup.HostConfig.deployDirectory Deployment of web application directory [D:\Repositorios\J2EEProject\apache-tomcat-10.0.13\webapps\host-manager] has finished in [18] ms
29-Jan-2022 15:18:39.086 INFORMACIÓN [main] org.apache.catalina.startup.HostConfig.deployDirectory Desplegando el directorio [D:\Repositorios\J2EEProject\apache-tomcat-10.0.13\webapps\manager] de la aplicación web
29-Jan-2022 15:18:39.102 INFORMACIÓN [main] org.apache.catalina.startup.HostConfig.deployDirectory Deployment of web application directory [D:\Repositorios\J2EEProject\apache-tomcat-10.0.13\webapps\manager] has finished in [16] ms
29-Jan-2022 15:18:39.102 INFORMACIÓN [main] org.apache.catalina.startup.HostConfig.deployDirectory Desplegando el directorio [D:\Repositorios\J2EEProject\apache-tomcat-10.0.13\webapps\ROOT] de la aplicación web
29-Jan-2022 15:18:39.115 INFORMACIÓN [main] org.apache.catalina.startup.HostConfig.deployDirectory Deployment of web application directory [D:\Repositorios\J2EEProject\apache-tomcat-10.0.13\webapps\ROOT] has finished in [13] ms
29-Jan-2022 15:18:39.117 INFORMACIÓN [main] org.apache.coyote.AbstractProtocol.start Starting ProtocolHandler ["http-nio-37020"]
29-Jan-2022 15:18:39.128 INFORMACIÓN [main] org.apache.catalina.startup.Catalina.start Server startup in [638] milliseconds
