[2022-01-29 15:11:21] [info]  [ 1932] Apache Commons Daemon procrun (1.2.4.0 64-bit) started.
[2022-01-29 15:11:21] [info]  [ 1932] Running Service 'Tomcat10'...
[2022-01-29 15:11:21] [info]  [  696] Starting service...
[2022-01-29 15:11:22] [info]  [  696] Service started in 1216 milliseconds.
[2022-01-29 15:14:39] [info]  [ 8864] Stopping service...
[2022-01-29 15:14:40] [info]  [ 8864] Service stop thread completed.
[2022-01-29 15:14:40] [info]  [ 1932] Run service finished.
[2022-01-29 15:14:40] [info]  [ 1932] Apache Commons Daemon procrun finished.
[2022-01-29 15:14:48] [info]  [13272] Apache Commons Daemon procrun (1.2.4.0 64-bit) started.
[2022-01-29 15:14:48] [info]  [13272] Running Service 'Tomcat10'...
[2022-01-29 15:14:48] [info]  [ 4784] Starting service...
[2022-01-29 15:14:50] [info]  [ 4784] Service started in 1261 milliseconds.
[2022-01-29 15:18:29] [info]  [ 2360] Stopping service...
[2022-01-29 15:18:30] [info]  [ 2360] Service stop thread completed.
[2022-01-29 15:18:30] [info]  [13272] Run service finished.
[2022-01-29 15:18:31] [info]  [13272] Apache Commons Daemon procrun finished.
[2022-01-29 15:18:37] [info]  [ 1108] Apache Commons Daemon procrun (1.2.4.0 64-bit) started.
[2022-01-29 15:18:37] [info]  [ 1108] Running Service 'Tomcat10'...
[2022-01-29 15:18:37] [info]  [10572] Starting service...
[2022-01-29 15:18:39] [info]  [10572] Service started in 1214 milliseconds.
[2022-01-30 16:41:04] [info]  [14604] Console SHUTDOWN event signaled.
[2022-01-30 16:41:04] [info]  [14604] Stopping service...
[2022-01-30 16:41:05] [info]  [14604] Service stop thread completed.
[2022-01-30 16:41:05] [info]  [ 1108] Run service finished.
[2022-01-30 16:41:05] [info]  [ 1108] Apache Commons Daemon procrun finished.
